[debug] [2018-01-19T18:58:42.559Z] ----------------------------------------------------------------------
[debug] [2018-01-19T18:58:42.567Z] Command:       /usr/local/Cellar/node/8.1.3/bin/node /usr/local/bin/firebase deploy
[debug] [2018-01-19T18:58:42.568Z] CLI Version:   3.15.0
[debug] [2018-01-19T18:58:42.568Z] Platform:      darwin
[debug] [2018-01-19T18:58:42.568Z] Node Version:  v8.1.3
[debug] [2018-01-19T18:58:42.570Z] Time:          Fri Jan 19 2018 10:58:42 GMT-0800 (PST)
[debug] [2018-01-19T18:58:42.570Z] ----------------------------------------------------------------------
[debug] 
[debug] [2018-01-19T18:58:42.616Z] > command requires scopes: ["email","openid","https://www.googleapis.com/auth/cloudplatformprojects.readonly","https://www.googleapis.com/auth/firebase","https://www.googleapis.com/auth/cloud-platform"]
[debug] [2018-01-19T18:58:42.617Z] > authorizing via signed-in user
[debug] [2018-01-19T18:58:42.625Z] >>> HTTP REQUEST GET https://admin.firebase.com/v1/projects/tokens-fcd91  
 Fri Jan 19 2018 10:58:42 GMT-0800 (PST)
[debug] [2018-01-19T18:58:43.235Z] <<< HTTP RESPONSE 200
[debug] [2018-01-19T18:58:43.238Z] >>> HTTP REQUEST GET https://admin.firebase.com/v1/database/tokens-fcd91/tokens  
 Fri Jan 19 2018 10:58:43 GMT-0800 (PST)
[debug] [2018-01-19T18:58:43.927Z] <<< HTTP RESPONSE 200
[info] 
[info] === Deploying to 'tokens-fcd91'...
[info] 
[info] i  deploying hosting
[info] i  hosting: preparing build directory for upload...
[debug] [2018-01-19T18:58:49.728Z] >>> HTTP REQUEST PUT https://deploy.firebase.com/v1/hosting/tokens-fcd91/uploads/-L3EmOFg7xKtsoevdCjO?fileCount=15&message=  
 Fri Jan 19 2018 10:58:49 GMT-0800 (PST)
